<?xml version="1.0" encoding="UTF-8"?>
<testsuite name="info.hearthsim.brazier.ComboTest" tests="5" skipped="0" failures="0" errors="0" timestamp="2016-03-15T06:01:02" hostname="mrdai-Laptop" time="0.01">
  <properties/>
  <testcase name="testEviscerateNoCombo" classname="info.hearthsim.brazier.ComboTest" time="0.002"/>
  <testcase name="testEviscerateNoComboNextTurn" classname="info.hearthsim.brazier.ComboTest" time="0.001"/>
  <testcase name="testEviscerateCombo" classname="info.hearthsim.brazier.ComboTest" time="0.0"/>
  <testcase name="testDefiasRingLeaderCombo" classname="info.hearthsim.brazier.ComboTest" time="0.0"/>
  <testcase name="testDefiasRingLeaderNoCombo" classname="info.hearthsim.brazier.ComboTest" time="0.005"/>
  <system-out><![CDATA[]]></system-out>
  <system-err><![CDATA[]]></system-err>
</testsuite>
