<?xml version="1.0" encoding="UTF-8"?>
<testsuite name="info.hearthsim.brazier.StealthTest" tests="2" skipped="0" failures="0" errors="0" timestamp="2016-03-15T06:01:02" hostname="mrdai-Laptop" time="0.006">
  <properties/>
  <testcase name="testBasicStealthFeatures" classname="info.hearthsim.brazier.StealthTest" time="0.003"/>
  <testcase name="testStolenStealth" classname="info.hearthsim.brazier.StealthTest" time="0.003"/>
  <system-out><![CDATA[]]></system-out>
  <system-err><![CDATA[]]></system-err>
</testsuite>
