<?xml version="1.0" encoding="UTF-8"?>
<testsuite name="info.hearthsim.brazier.ResurrectTest" tests="3" skipped="0" failures="0" errors="0" timestamp="2016-03-15T06:01:02" hostname="mrdai-Laptop" time="0.009">
  <properties/>
  <testcase name="testResurrectNoDeaths" classname="info.hearthsim.brazier.ResurrectTest" time="0.0"/>
  <testcase name="testResurrectSingleDeath" classname="info.hearthsim.brazier.ResurrectTest" time="0.0"/>
  <testcase name="testResurrectTwoDeaths" classname="info.hearthsim.brazier.ResurrectTest" time="0.008"/>
  <system-out><![CDATA[]]></system-out>
  <system-err><![CDATA[]]></system-err>
</testsuite>
