<?xml version="1.0" encoding="UTF-8"?>
<testsuite name="info.hearthsim.brazier.CardPlayedTest" tests="4" skipped="0" failures="0" errors="0" timestamp="2016-03-15T06:01:02" hostname="mrdai-Laptop" time="0.008">
  <properties/>
  <testcase name="testTwoHobgoblins" classname="info.hearthsim.brazier.CardPlayedTest" time="0.001"/>
  <testcase name="testIllidanPlayToItsRightSide" classname="info.hearthsim.brazier.CardPlayedTest" time="0.003"/>
  <testcase name="testIllidanPlayToItsLeftSide" classname="info.hearthsim.brazier.CardPlayedTest" time="0.002"/>
  <testcase name="testIllidanIsNotAffectedByTheOpponent" classname="info.hearthsim.brazier.CardPlayedTest" time="0.001"/>
  <system-out><![CDATA[]]></system-out>
  <system-err><![CDATA[]]></system-err>
</testsuite>
