<?xml version="1.0" encoding="UTF-8"?>
<testsuite name="info.hearthsim.brazier.ManaCostAdjustmentTest" tests="2" skipped="0" failures="0" errors="0" timestamp="2016-03-15T06:01:00" hostname="mrdai-Laptop" time="1.372">
  <properties/>
  <testcase name="testDreadCorsairCost4ByDefault" classname="info.hearthsim.brazier.ManaCostAdjustmentTest" time="1.368"/>
  <testcase name="testDreadCorsairCostIsReducedCorrectly" classname="info.hearthsim.brazier.ManaCostAdjustmentTest" time="0.003"/>
  <system-out><![CDATA[]]></system-out>
  <system-err><![CDATA[]]></system-err>
</testsuite>
