<?xml version="1.0" encoding="UTF-8"?>
<testsuite name="info.hearthsim.brazier.CardChooseTest" tests="4" skipped="0" failures="0" errors="0" timestamp="2016-03-15T06:01:02" hostname="mrdai-Laptop" time="0.009">
  <properties/>
  <testcase name="testTracking" classname="info.hearthsim.brazier.CardChooseTest" time="0.006"/>
  <testcase name="testTrackingWith2Cards" classname="info.hearthsim.brazier.CardChooseTest" time="0.001"/>
  <testcase name="testTrackingWith1Card" classname="info.hearthsim.brazier.CardChooseTest" time="0.001"/>
  <testcase name="testTrackingWithNoCards" classname="info.hearthsim.brazier.CardChooseTest" time="0.001"/>
  <system-out><![CDATA[]]></system-out>
  <system-err><![CDATA[]]></system-err>
</testsuite>
