<?xml version="1.0" encoding="UTF-8"?>
<testsuite name="info.hearthsim.brazier.StatBuffTest" tests="1" skipped="0" failures="0" errors="0" timestamp="2016-03-15T06:01:02" hostname="mrdai-Laptop" time="0.0">
  <properties/>
  <testcase name="testAttackAndHpBuff" classname="info.hearthsim.brazier.StatBuffTest" time="0.0"/>
  <system-out><![CDATA[]]></system-out>
  <system-err><![CDATA[]]></system-err>
</testsuite>
