<?xml version="1.0" encoding="UTF-8"?>
<testsuite name="info.hearthsim.brazier.AttackInterceptTest" tests="3" skipped="0" failures="0" errors="0" timestamp="2016-03-15T06:01:01" hostname="mrdai-Laptop" time="0.048">
  <properties/>
  <testcase name="testExplosiveTrapAttackerKillPreventsMinionAttack" classname="info.hearthsim.brazier.AttackInterceptTest" time="0.028"/>
  <testcase name="testExplosiveTrapHeroKillPreventsMinionAttack" classname="info.hearthsim.brazier.AttackInterceptTest" time="0.005"/>
  <testcase name="testExplosiveTrapKillPreventsAuraBeforeAttack" classname="info.hearthsim.brazier.AttackInterceptTest" time="0.013"/>
  <system-out><![CDATA[Executed!
Executed!
]]></system-out>
  <system-err><![CDATA[]]></system-err>
</testsuite>
