<?xml version="1.0" encoding="UTF-8"?>
<testsuite name="info.hearthsim.brazier.CopyMinionTest" tests="8" skipped="0" failures="0" errors="0" timestamp="2016-03-15T06:01:02" hostname="mrdai-Laptop" time="0.012">
  <properties/>
  <testcase name="testFacelessMinionKeptAliveByHpAura" classname="info.hearthsim.brazier.CopyMinionTest" time="0.002"/>
  <testcase name="testFacelessMinionKeptAliveByHpAuraThenMirrorEntity" classname="info.hearthsim.brazier.CopyMinionTest" time="0.002"/>
  <testcase name="testFacelessDamageMinionWithHpAura" classname="info.hearthsim.brazier.CopyMinionTest" time="0.002"/>
  <testcase name="testBasicFaceless" classname="info.hearthsim.brazier.CopyMinionTest" time="0.0"/>
  <testcase name="testCopyAuraProvider" classname="info.hearthsim.brazier.CopyMinionTest" time="0.001"/>
  <testcase name="testCopyAuraProviderKillOriginalProvider" classname="info.hearthsim.brazier.CopyMinionTest" time="0.002"/>
  <testcase name="testCopyAuraProviderKillNewProvider" classname="info.hearthsim.brazier.CopyMinionTest" time="0.001"/>
  <testcase name="testAuraTargetCopy" classname="info.hearthsim.brazier.CopyMinionTest" time="0.001"/>
  <system-out><![CDATA[]]></system-out>
  <system-err><![CDATA[]]></system-err>
</testsuite>
