<?xml version="1.0" encoding="UTF-8"?>
<testsuite name="info.hearthsim.brazier.ReturnMinionTest" tests="3" skipped="0" failures="0" errors="0" timestamp="2016-03-14T18:49:56" hostname="mrdai-Laptop" time="0.021">
  <properties/>
  <testcase name="testFreezingTrapAttackMinion" classname="info.hearthsim.brazier.ReturnMinionTest" time="0.009"/>
  <testcase name="testFreezingTrapAttackHero" classname="info.hearthsim.brazier.ReturnMinionTest" time="0.008"/>
  <testcase name="testShadowStepDeathRattle" classname="info.hearthsim.brazier.ReturnMinionTest" time="0.003"/>
  <system-out><![CDATA[]]></system-out>
  <system-err><![CDATA[]]></system-err>
</testsuite>
