<?xml version="1.0" encoding="UTF-8"?>
<testsuite name="info.hearthsim.brazier.BattleCryRequirementTest" tests="4" skipped="0" failures="0" errors="0" timestamp="2016-03-15T06:01:02" hostname="mrdai-Laptop" time="0.009">
  <properties/>
  <testcase name="testBlackwingTechnicianRequirementIsNotMet" classname="info.hearthsim.brazier.BattleCryRequirementTest" time="0.003"/>
  <testcase name="testBlackwingTechnicianRequirementIsMet" classname="info.hearthsim.brazier.BattleCryRequirementTest" time="0.004"/>
  <testcase name="testBlackwingCorruptorRequirementIsNotMet" classname="info.hearthsim.brazier.BattleCryRequirementTest" time="0.001"/>
  <testcase name="testBlackwingCorruptorRequirementIsMet" classname="info.hearthsim.brazier.BattleCryRequirementTest" time="0.001"/>
  <system-out><![CDATA[]]></system-out>
  <system-err><![CDATA[]]></system-err>
</testsuite>
