<?xml version="1.0" encoding="UTF-8"?>
<testsuite name="info.hearthsim.brazier.WeaponHitTest" tests="5" skipped="0" failures="0" errors="0" timestamp="2016-03-15T06:01:02" hostname="mrdai-Laptop" time="0.003">
  <properties/>
  <testcase name="testLoseWeapon" classname="info.hearthsim.brazier.WeaponHitTest" time="0.001"/>
  <testcase name="testCantAttackSecondTimeAfterWeaponReplace" classname="info.hearthsim.brazier.WeaponHitTest" time="0.001"/>
  <testcase name="testHitWeaponlessHeroWithWeapon" classname="info.hearthsim.brazier.WeaponHitTest" time="0.0"/>
  <testcase name="testHitWeaponedHeroWithWeapon" classname="info.hearthsim.brazier.WeaponHitTest" time="0.0"/>
  <testcase name="testHitMinionWithWeapon" classname="info.hearthsim.brazier.WeaponHitTest" time="0.0"/>
  <system-out><![CDATA[]]></system-out>
  <system-err><![CDATA[]]></system-err>
</testsuite>
