<?xml version="1.0" encoding="UTF-8"?>
<testsuite name="info.hearthsim.brazier.KilledEventTest" tests="8" skipped="0" failures="0" errors="0" timestamp="2016-03-15T06:01:02" hostname="mrdai-Laptop" time="0.013">
  <properties/>
  <testcase name="testSoulOfTheForest" classname="info.hearthsim.brazier.KilledEventTest" time="0.002"/>
  <testcase name="testHauntedCreeper" classname="info.hearthsim.brazier.KilledEventTest" time="0.0"/>
  <testcase name="testHauntedCreeperWithFullBoard" classname="info.hearthsim.brazier.KilledEventTest" time="0.0"/>
  <testcase name="testSludgeBelcher" classname="info.hearthsim.brazier.KilledEventTest" time="0.001"/>
  <testcase name="testHauntedCreeperWithFullBoardBoardClear" classname="info.hearthsim.brazier.KilledEventTest" time="0.001"/>
  <testcase name="testSludgeBelcherDeathRattleWorksWithFullBoard" classname="info.hearthsim.brazier.KilledEventTest" time="0.001"/>
  <testcase name="testDeathsBite" classname="info.hearthsim.brazier.KilledEventTest" time="0.004"/>
  <testcase name="testDeathsBiteKilledByJaraxxus" classname="info.hearthsim.brazier.KilledEventTest" time="0.002"/>
  <system-out><![CDATA[]]></system-out>
  <system-err><![CDATA[]]></system-err>
</testsuite>
