<?xml version="1.0" encoding="UTF-8"?>
<testsuite name="info.hearthsim.brazier.ManaCostManipulationTest" tests="4" skipped="0" failures="0" errors="0" timestamp="2016-03-15T06:01:02" hostname="mrdai-Laptop" time="0.009">
  <properties/>
  <testcase name="testEmperorManaCostReduction" classname="info.hearthsim.brazier.ManaCostManipulationTest" time="0.002"/>
  <testcase name="testManaWraith" classname="info.hearthsim.brazier.ManaCostManipulationTest" time="0.001"/>
  <testcase name="testPreparationUsed" classname="info.hearthsim.brazier.ManaCostManipulationTest" time="0.004"/>
  <testcase name="testPreparationWasted" classname="info.hearthsim.brazier.ManaCostManipulationTest" time="0.001"/>
  <system-out><![CDATA[]]></system-out>
  <system-err><![CDATA[]]></system-err>
</testsuite>
