<?xml version="1.0" encoding="UTF-8"?>
<testsuite name="info.hearthsim.brazier.SecretTest" tests="12" skipped="0" failures="0" errors="0" timestamp="2016-03-14T18:49:56" hostname="mrdai-Laptop" time="0.38">
  <properties/>
  <testcase name="testSnipeJaraxxus" classname="info.hearthsim.brazier.SecretTest" time="0.014"/>
  <testcase name="testRepentanceSnipeJaraxxus" classname="info.hearthsim.brazier.SecretTest" time="0.022"/>
  <testcase name="testAvengeDetectsPreviousDeathRattle" classname="info.hearthsim.brazier.SecretTest" time="0.019"/>
  <testcase name="testAvengeDoesNotDetectDeathRattleSummon" classname="info.hearthsim.brazier.SecretTest" time="0.011"/>
  <testcase name="testAvengeDoesNotTriggerForSingleTarget" classname="info.hearthsim.brazier.SecretTest" time="0.041"/>
  <testcase name="testIceBarrierOnEnemyTurn" classname="info.hearthsim.brazier.SecretTest" time="0.017"/>
  <testcase name="testFreezingTrapBeforeExplosive" classname="info.hearthsim.brazier.SecretTest" time="0.029"/>
  <testcase name="testFreezingTrapAfterExplosive" classname="info.hearthsim.brazier.SecretTest" time="0.035"/>
  <testcase name="testFreezingTrapAfterExplosiveOrderDoesNotChangeWithKezan" classname="info.hearthsim.brazier.SecretTest" time="0.107"/>
  <testcase name="testKezanStealsANewSecret" classname="info.hearthsim.brazier.SecretTest" time="0.012"/>
  <testcase name="testKezanStealsSecret" classname="info.hearthsim.brazier.SecretTest" time="0.011"/>
  <testcase name="testKezanDestroysSecret" classname="info.hearthsim.brazier.SecretTest" time="0.055"/>
  <system-out><![CDATA[]]></system-out>
  <system-err><![CDATA[]]></system-err>
</testsuite>
