<?xml version="1.0" encoding="UTF-8"?>
<testsuite name="info.hearthsim.brazier.SilenceTest" tests="8" skipped="0" failures="0" errors="0" timestamp="2016-03-15T06:01:02" hostname="mrdai-Laptop" time="0.018">
  <properties/>
  <testcase name="testSilenceStatBuff" classname="info.hearthsim.brazier.SilenceTest" time="0.001"/>
  <testcase name="testSilenceStatBuffDoesNotKillMinion" classname="info.hearthsim.brazier.SilenceTest" time="0.001"/>
  <testcase name="testSilenceTriggeredAbility" classname="info.hearthsim.brazier.SilenceTest" time="0.001"/>
  <testcase name="testSilenceAuraGiver" classname="info.hearthsim.brazier.SilenceTest" time="0.001"/>
  <testcase name="testSilenceRemovesSpellDamage" classname="info.hearthsim.brazier.SilenceTest" time="0.003"/>
  <testcase name="testCannotSilenceAuraBuffs" classname="info.hearthsim.brazier.SilenceTest" time="0.004"/>
  <testcase name="testSilenceDeathRattle" classname="info.hearthsim.brazier.SilenceTest" time="0.001"/>
  <testcase name="testSilenceTaunt" classname="info.hearthsim.brazier.SilenceTest" time="0.0"/>
  <system-out><![CDATA[]]></system-out>
  <system-err><![CDATA[]]></system-err>
</testsuite>
