<?xml version="1.0" encoding="UTF-8"?>
<testsuite name="info.hearthsim.brazier.HeroAttackedTest" tests="8" skipped="0" failures="0" errors="0" timestamp="2016-03-14T18:49:56" hostname="mrdai-Laptop" time="0.079">
  <properties/>
  <testcase name="testOneOffLethal" classname="info.hearthsim.brazier.HeroAttackedTest" time="0.013"/>
  <testcase name="testExactLethal" classname="info.hearthsim.brazier.HeroAttackedTest" time="0.007"/>
  <testcase name="testOverLethal" classname="info.hearthsim.brazier.HeroAttackedTest" time="0.01"/>
  <testcase name="testExactLethalWithArmor" classname="info.hearthsim.brazier.HeroAttackedTest" time="0.008"/>
  <testcase name="testAttackHero" classname="info.hearthsim.brazier.HeroAttackedTest" time="0.005"/>
  <testcase name="testAttackHeroWithLowArmor" classname="info.hearthsim.brazier.HeroAttackedTest" time="0.008"/>
  <testcase name="testAttackHeroWithJustEnoughArmor" classname="info.hearthsim.brazier.HeroAttackedTest" time="0.004"/>
  <testcase name="testAttackHeroWithHighArmor" classname="info.hearthsim.brazier.HeroAttackedTest" time="0.003"/>
  <system-out><![CDATA[]]></system-out>
  <system-err><![CDATA[]]></system-err>
</testsuite>
