<?xml version="1.0" encoding="UTF-8"?>
<testsuite name="info.hearthsim.brazier.CardReceiveTest" tests="2" skipped="0" failures="0" errors="0" timestamp="2016-03-14T18:49:55" hostname="mrdai-Laptop" time="0.067">
  <properties/>
  <testcase name="testHeadcrackNoCombo" classname="info.hearthsim.brazier.CardReceiveTest" time="0.02"/>
  <testcase name="testHeadcrackCombo" classname="info.hearthsim.brazier.CardReceiveTest" time="0.046"/>
  <system-out><![CDATA[]]></system-out>
  <system-err><![CDATA[]]></system-err>
</testsuite>
