<?xml version="1.0" encoding="UTF-8"?>
<testsuite name="info.hearthsim.brazier.GreedyQueueTest" tests="4" skipped="0" failures="0" errors="0" timestamp="2016-03-15T06:01:02" hostname="mrdai-Laptop" time="0.021">
  <properties/>
  <testcase name="testExplosiveTrapWithAttackFaceTrapFirst" classname="info.hearthsim.brazier.GreedyQueueTest" time="0.008"/>
  <testcase name="testExplosiveTrapWithAttackFaceTrapLast" classname="info.hearthsim.brazier.GreedyQueueTest" time="0.002"/>
  <testcase name="testExplosiveTrapWithAttackMinionTrapFirst" classname="info.hearthsim.brazier.GreedyQueueTest" time="0.002"/>
  <testcase name="testExplosiveTrapWithAttackMinionTrapLast" classname="info.hearthsim.brazier.GreedyQueueTest" time="0.007"/>
  <system-out><![CDATA[Executed!
Executed!
Executed!
Executed!
Executed!
Executed!
Executed!
Executed!
Executed!
Executed!
Executed!
Executed!
Executed!
Executed!
Executed!
Executed!
Executed!
Executed!
Executed!
Executed!
Executed!
Executed!
Executed!
Executed!
Executed!
Executed!
Executed!
Executed!
]]></system-out>
  <system-err><![CDATA[]]></system-err>
</testsuite>
