<?xml version="1.0" encoding="UTF-8"?>
<testsuite name="info.hearthsim.brazier.HeroAttackedTest" tests="8" skipped="0" failures="0" errors="0" timestamp="2016-03-15T06:01:02" hostname="mrdai-Laptop" time="0.011">
  <properties/>
  <testcase name="testOneOffLethal" classname="info.hearthsim.brazier.HeroAttackedTest" time="0.004"/>
  <testcase name="testExactLethal" classname="info.hearthsim.brazier.HeroAttackedTest" time="0.001"/>
  <testcase name="testExactLethalWithArmor" classname="info.hearthsim.brazier.HeroAttackedTest" time="0.001"/>
  <testcase name="testOverLethal" classname="info.hearthsim.brazier.HeroAttackedTest" time="0.002"/>
  <testcase name="testAttackHero" classname="info.hearthsim.brazier.HeroAttackedTest" time="0.001"/>
  <testcase name="testAttackHeroWithLowArmor" classname="info.hearthsim.brazier.HeroAttackedTest" time="0.001"/>
  <testcase name="testAttackHeroWithJustEnoughArmor" classname="info.hearthsim.brazier.HeroAttackedTest" time="0.0"/>
  <testcase name="testAttackHeroWithHighArmor" classname="info.hearthsim.brazier.HeroAttackedTest" time="0.0"/>
  <system-out><![CDATA[]]></system-out>
  <system-err><![CDATA[]]></system-err>
</testsuite>
