<?xml version="1.0" encoding="UTF-8"?>
<testsuite name="info.hearthsim.brazier.CardDrawTest" tests="11" skipped="0" failures="0" errors="0" timestamp="2016-03-15T06:01:02" hostname="mrdai-Laptop" time="0.041">
  <properties/>
  <testcase name="testCultMasterKillOneMinion" classname="info.hearthsim.brazier.CardDrawTest" time="0.003"/>
  <testcase name="testCultMasterKillTwoMinions" classname="info.hearthsim.brazier.CardDrawTest" time="0.001"/>
  <testcase name="testCultMasterDoesNotDrawForSelf" classname="info.hearthsim.brazier.CardDrawTest" time="0.004"/>
  <testcase name="testCultMasterDoesNotDrawWhenDying" classname="info.hearthsim.brazier.CardDrawTest" time="0.002"/>
  <testcase name="testCultMasterDoesNotDrawForOpponentMinions" classname="info.hearthsim.brazier.CardDrawTest" time="0.002"/>
  <testcase name="testStarvingBuzzardDoesNotDrawForOpponentBeast" classname="info.hearthsim.brazier.CardDrawTest" time="0.007"/>
  <testcase name="testStarvingBuzzardDoesNotDrawForNonBeast" classname="info.hearthsim.brazier.CardDrawTest" time="0.001"/>
  <testcase name="testStarvingBuzzardDrawsForBeast" classname="info.hearthsim.brazier.CardDrawTest" time="0.001"/>
  <testcase name="testStarvingBuzzardDrawsForCopiedBeast" classname="info.hearthsim.brazier.CardDrawTest" time="0.005"/>
  <testcase name="testBlessingOfWisdom" classname="info.hearthsim.brazier.CardDrawTest" time="0.003"/>
  <testcase name="testBlessingOfWisdomOfOpponent" classname="info.hearthsim.brazier.CardDrawTest" time="0.004"/>
  <system-out><![CDATA[]]></system-out>
  <system-err><![CDATA[]]></system-err>
</testsuite>
