<?xml version="1.0" encoding="UTF-8"?>
<testsuite name="info.hearthsim.brazier.AuraTest" tests="10" skipped="0" failures="0" errors="0" timestamp="2016-03-15T06:01:01" hostname="mrdai-Laptop" time="0.095">
  <properties/>
  <testcase name="testDireWolfAlpha" classname="info.hearthsim.brazier.AuraTest" time="0.009"/>
  <testcase name="testDireWolfAlphaDies" classname="info.hearthsim.brazier.AuraTest" time="0.002"/>
  <testcase name="testWeeSpellstopper" classname="info.hearthsim.brazier.AuraTest" time="0.026"/>
  <testcase name="testWeeSpellStopperDies" classname="info.hearthsim.brazier.AuraTest" time="0.008"/>
  <testcase name="testHealWithHuntersMark" classname="info.hearthsim.brazier.AuraTest" time="0.006"/>
  <testcase name="testStormwindChampion" classname="info.hearthsim.brazier.AuraTest" time="0.007"/>
  <testcase name="testStormwindChampionUpdatesAuraAfterDeathRattle" classname="info.hearthsim.brazier.AuraTest" time="0.009"/>
  <testcase name="testKillingStormwindChampionDoesNotReduceCurrentHealth" classname="info.hearthsim.brazier.AuraTest" time="0.004"/>
  <testcase name="testRedemptionResurrectsHpAuraProvider" classname="info.hearthsim.brazier.AuraTest" time="0.004"/>
  <testcase name="testAutoPlayedMalganisSavesDeadMinion" classname="info.hearthsim.brazier.AuraTest" time="0.006"/>
  <system-out><![CDATA[Executed!
Executed!
Executed!
Executed!
Executed!
Executed!
Executed!
Executed!
Executed!
Executed!
Executed!
Executed!
Executed!
Executed!
Executed!
Executed!
Executed!
Executed!
Executed!
Executed!
Executed!
Executed!
Executed!
Executed!
Executed!
Executed!
Executed!
Executed!
Executed!
Executed!
]]></system-out>
  <system-err><![CDATA[]]></system-err>
</testsuite>
