<?xml version="1.0" encoding="UTF-8"?>
<testsuite name="info.hearthsim.brazier.ComboTest" tests="5" skipped="0" failures="0" errors="0" timestamp="2016-03-14T18:49:55" hostname="mrdai-Laptop" time="0.043">
  <properties/>
  <testcase name="testEviscerateNoCombo" classname="info.hearthsim.brazier.ComboTest" time="0.006"/>
  <testcase name="testEviscerateNoComboNextTurn" classname="info.hearthsim.brazier.ComboTest" time="0.013"/>
  <testcase name="testEviscerateCombo" classname="info.hearthsim.brazier.ComboTest" time="0.006"/>
  <testcase name="testDefiasRingLeaderCombo" classname="info.hearthsim.brazier.ComboTest" time="0.008"/>
  <testcase name="testDefiasRingLeaderNoCombo" classname="info.hearthsim.brazier.ComboTest" time="0.006"/>
  <system-out><![CDATA[]]></system-out>
  <system-err><![CDATA[]]></system-err>
</testsuite>
