<?xml version="1.0" encoding="UTF-8"?>
<testsuite name="info.hearthsim.brazier.SimplePlaysTest" tests="4" skipped="0" failures="0" errors="0" timestamp="2016-03-14T18:49:57" hostname="mrdai-Laptop" time="0.023">
  <properties/>
  <testcase name="testSlamDrawsCards" classname="info.hearthsim.brazier.SimplePlaysTest" time="0.005"/>
  <testcase name="testSlamDoesntDrawCards" classname="info.hearthsim.brazier.SimplePlaysTest" time="0.013"/>
  <testcase name="testPlaySimpleMinion" classname="info.hearthsim.brazier.SimplePlaysTest" time="0.001"/>
  <testcase name="testPlayMultipleMinions" classname="info.hearthsim.brazier.SimplePlaysTest" time="0.002"/>
  <system-out><![CDATA[]]></system-out>
  <system-err><![CDATA[]]></system-err>
</testsuite>
