<?xml version="1.0" encoding="UTF-8"?>
<testsuite name="info.hearthsim.brazier.WeaponHitTest" tests="5" skipped="0" failures="0" errors="0" timestamp="2016-03-14T18:49:57" hostname="mrdai-Laptop" time="0.023">
  <properties/>
  <testcase name="testCantAttackSecondTimeAfterWeaponReplace" classname="info.hearthsim.brazier.WeaponHitTest" time="0.004"/>
  <testcase name="testLoseWeapon" classname="info.hearthsim.brazier.WeaponHitTest" time="0.007"/>
  <testcase name="testHitWeaponlessHeroWithWeapon" classname="info.hearthsim.brazier.WeaponHitTest" time="0.002"/>
  <testcase name="testHitWeaponedHeroWithWeapon" classname="info.hearthsim.brazier.WeaponHitTest" time="0.006"/>
  <testcase name="testHitMinionWithWeapon" classname="info.hearthsim.brazier.WeaponHitTest" time="0.003"/>
  <system-out><![CDATA[]]></system-out>
  <system-err><![CDATA[]]></system-err>
</testsuite>
