<?xml version="1.0" encoding="UTF-8"?>
<testsuite name="info.hearthsim.brazier.ResurrectTest" tests="3" skipped="0" failures="0" errors="0" timestamp="2016-03-14T18:49:56" hostname="mrdai-Laptop" time="0.033">
  <properties/>
  <testcase name="testResurrectNoDeaths" classname="info.hearthsim.brazier.ResurrectTest" time="0.002"/>
  <testcase name="testResurrectSingleDeath" classname="info.hearthsim.brazier.ResurrectTest" time="0.006"/>
  <testcase name="testResurrectTwoDeaths" classname="info.hearthsim.brazier.ResurrectTest" time="0.024"/>
  <system-out><![CDATA[]]></system-out>
  <system-err><![CDATA[]]></system-err>
</testsuite>
