<?xml version="1.0" encoding="UTF-8"?>
<testsuite name="info.hearthsim.brazier.CardChooseTest" tests="4" skipped="0" failures="0" errors="0" timestamp="2016-03-14T18:49:55" hostname="mrdai-Laptop" time="0.035">
  <properties/>
  <testcase name="testTracking" classname="info.hearthsim.brazier.CardChooseTest" time="0.024"/>
  <testcase name="testTrackingWith2Cards" classname="info.hearthsim.brazier.CardChooseTest" time="0.008"/>
  <testcase name="testTrackingWith1Card" classname="info.hearthsim.brazier.CardChooseTest" time="0.002"/>
  <testcase name="testTrackingWithNoCards" classname="info.hearthsim.brazier.CardChooseTest" time="0.001"/>
  <system-out><![CDATA[]]></system-out>
  <system-err><![CDATA[]]></system-err>
</testsuite>
