<?xml version="1.0" encoding="UTF-8"?>
<testsuite name="info.hearthsim.brazier.ReturnMinionTest" tests="3" skipped="0" failures="0" errors="0" timestamp="2016-03-15T06:01:02" hostname="mrdai-Laptop" time="0.003">
  <properties/>
  <testcase name="testFreezingTrapAttackHero" classname="info.hearthsim.brazier.ReturnMinionTest" time="0.002"/>
  <testcase name="testFreezingTrapAttackMinion" classname="info.hearthsim.brazier.ReturnMinionTest" time="0.001"/>
  <testcase name="testShadowStepDeathRattle" classname="info.hearthsim.brazier.ReturnMinionTest" time="0.0"/>
  <system-out><![CDATA[]]></system-out>
  <system-err><![CDATA[]]></system-err>
</testsuite>
