<?xml version="1.0" encoding="UTF-8"?>
<testsuite name="info.hearthsim.brazier.DamageEventTest" tests="8" skipped="0" failures="0" errors="0" timestamp="2016-03-15T06:01:02" hostname="mrdai-Laptop" time="0.016">
  <properties/>
  <testcase name="testWhirlwind" classname="info.hearthsim.brazier.DamageEventTest" time="0.003"/>
  <testcase name="testFrothingBerserkerVsForthingBerserker" classname="info.hearthsim.brazier.DamageEventTest" time="0.001"/>
  <testcase name="testGurubashiBerserker" classname="info.hearthsim.brazier.DamageEventTest" time="0.002"/>
  <testcase name="testGrimPatron" classname="info.hearthsim.brazier.DamageEventTest" time="0.003"/>
  <testcase name="testExplosiveShotAtomic" classname="info.hearthsim.brazier.DamageEventTest" time="0.002"/>
  <testcase name="testEmperorCobra" classname="info.hearthsim.brazier.DamageEventTest" time="0.001"/>
  <testcase name="testWaterElementalAttacks" classname="info.hearthsim.brazier.DamageEventTest" time="0.001"/>
  <testcase name="testWaterElementalAttacked" classname="info.hearthsim.brazier.DamageEventTest" time="0.001"/>
  <system-out><![CDATA[]]></system-out>
  <system-err><![CDATA[]]></system-err>
</testsuite>
