<?xml version="1.0" encoding="UTF-8"?>
<testsuite name="info.hearthsim.brazier.BattleCryRequirementTest" tests="4" skipped="0" failures="0" errors="0" timestamp="2016-03-14T18:49:55" hostname="mrdai-Laptop" time="0.055">
  <properties/>
  <testcase name="testBlackwingTechnicianRequirementIsNotMet" classname="info.hearthsim.brazier.BattleCryRequirementTest" time="0.004"/>
  <testcase name="testBlackwingTechnicianRequirementIsMet" classname="info.hearthsim.brazier.BattleCryRequirementTest" time="0.013"/>
  <testcase name="testBlackwingCorruptorRequirementIsNotMet" classname="info.hearthsim.brazier.BattleCryRequirementTest" time="0.018"/>
  <testcase name="testBlackwingCorruptorRequirementIsMet" classname="info.hearthsim.brazier.BattleCryRequirementTest" time="0.019"/>
  <system-out><![CDATA[]]></system-out>
  <system-err><![CDATA[]]></system-err>
</testsuite>
