<?xml version="1.0" encoding="UTF-8"?>
<testsuite name="info.hearthsim.brazier.ShadowMadnessTest" tests="7" skipped="0" failures="0" errors="0" timestamp="2016-03-15T06:01:02" hostname="mrdai-Laptop" time="0.016">
  <properties/>
  <testcase name="testShadowMadness" classname="info.hearthsim.brazier.ShadowMadnessTest" time="0.003"/>
  <testcase name="testAuraIsTakenWithShadowMadness" classname="info.hearthsim.brazier.ShadowMadnessTest" time="0.004"/>
  <testcase name="testDeathRattleIsStolenByShadowMadness" classname="info.hearthsim.brazier.ShadowMadnessTest" time="0.001"/>
  <testcase name="testSilencingShadowMadness" classname="info.hearthsim.brazier.ShadowMadnessTest" time="0.003"/>
  <testcase name="testShadowMadnessFullBoardAfterReturn" classname="info.hearthsim.brazier.ShadowMadnessTest" time="0.001"/>
  <testcase name="testShadowMadnessWithIllidan" classname="info.hearthsim.brazier.ShadowMadnessTest" time="0.001"/>
  <testcase name="testShadowMadnessWithEndOfTurnEffects" classname="info.hearthsim.brazier.ShadowMadnessTest" time="0.002"/>
  <system-out><![CDATA[Executed!
Executed!
Executed!
Executed!
Executed!
Executed!
]]></system-out>
  <system-err><![CDATA[]]></system-err>
</testsuite>
