<?xml version="1.0" encoding="UTF-8"?>
<testsuite name="info.hearthsim.brazier.TargetedBattleCryTest" tests="1" skipped="0" failures="0" errors="0" timestamp="2016-03-14T18:49:57" hostname="mrdai-Laptop" time="0.002">
  <properties/>
  <testcase name="testFireElemental" classname="info.hearthsim.brazier.TargetedBattleCryTest" time="0.002"/>
  <system-out><![CDATA[]]></system-out>
  <system-err><![CDATA[]]></system-err>
</testsuite>
