<?xml version="1.0" encoding="UTF-8"?>
<testsuite name="info.hearthsim.brazier.TmpBuffTest" tests="2" skipped="0" failures="0" errors="0" timestamp="2016-03-14T18:49:57" hostname="mrdai-Laptop" time="0.006">
  <properties/>
  <testcase name="testAbusiveSergeant" classname="info.hearthsim.brazier.TmpBuffTest" time="0.002"/>
  <testcase name="testSilencedAbusiveSergeantBuff" classname="info.hearthsim.brazier.TmpBuffTest" time="0.003"/>
  <system-out><![CDATA[]]></system-out>
  <system-err><![CDATA[]]></system-err>
</testsuite>
