<?xml version="1.0" encoding="UTF-8"?>
<testsuite name="info.hearthsim.brazier.SpellPowerTest" tests="6" skipped="0" failures="0" errors="0" timestamp="2016-03-15T06:01:02" hostname="mrdai-Laptop" time="0.005">
  <properties/>
  <testcase name="testKoboldGeomancerWithTargetedSpell" classname="info.hearthsim.brazier.SpellPowerTest" time="0.001"/>
  <testcase name="testKoboldGeomancerWithAoe" classname="info.hearthsim.brazier.SpellPowerTest" time="0.0"/>
  <testcase name="testAncientMageNoTarget" classname="info.hearthsim.brazier.SpellPowerTest" time="0.002"/>
  <testcase name="testAncientMageLeftTarget" classname="info.hearthsim.brazier.SpellPowerTest" time="0.001"/>
  <testcase name="testAncientMageRightTarget" classname="info.hearthsim.brazier.SpellPowerTest" time="0.001"/>
  <testcase name="testAncientMageBothTarget" classname="info.hearthsim.brazier.SpellPowerTest" time="0.0"/>
  <system-out><![CDATA[]]></system-out>
  <system-err><![CDATA[]]></system-err>
</testsuite>
