<?xml version="1.0" encoding="UTF-8"?>
<testsuite name="info.hearthsim.brazier.StealthTest" tests="2" skipped="0" failures="0" errors="0" timestamp="2016-03-14T18:49:57" hostname="mrdai-Laptop" time="0.061">
  <properties/>
  <testcase name="testBasicStealthFeatures" classname="info.hearthsim.brazier.StealthTest" time="0.034"/>
  <testcase name="testStolenStealth" classname="info.hearthsim.brazier.StealthTest" time="0.027"/>
  <system-out><![CDATA[]]></system-out>
  <system-err><![CDATA[]]></system-err>
</testsuite>
