<?xml version="1.0" encoding="UTF-8"?>
<testsuite name="info.hearthsim.brazier.SecretTest" tests="12" skipped="0" failures="0" errors="0" timestamp="2016-03-15T06:01:02" hostname="mrdai-Laptop" time="0.028">
  <properties/>
  <testcase name="testSnipeJaraxxus" classname="info.hearthsim.brazier.SecretTest" time="0.001"/>
  <testcase name="testRepentanceSnipeJaraxxus" classname="info.hearthsim.brazier.SecretTest" time="0.001"/>
  <testcase name="testAvengeDetectsPreviousDeathRattle" classname="info.hearthsim.brazier.SecretTest" time="0.002"/>
  <testcase name="testAvengeDoesNotDetectDeathRattleSummon" classname="info.hearthsim.brazier.SecretTest" time="0.004"/>
  <testcase name="testAvengeDoesNotTriggerForSingleTarget" classname="info.hearthsim.brazier.SecretTest" time="0.002"/>
  <testcase name="testIceBarrierOnEnemyTurn" classname="info.hearthsim.brazier.SecretTest" time="0.002"/>
  <testcase name="testFreezingTrapBeforeExplosive" classname="info.hearthsim.brazier.SecretTest" time="0.001"/>
  <testcase name="testFreezingTrapAfterExplosive" classname="info.hearthsim.brazier.SecretTest" time="0.001"/>
  <testcase name="testFreezingTrapAfterExplosiveOrderDoesNotChangeWithKezan" classname="info.hearthsim.brazier.SecretTest" time="0.004"/>
  <testcase name="testKezanStealsANewSecret" classname="info.hearthsim.brazier.SecretTest" time="0.001"/>
  <testcase name="testKezanStealsSecret" classname="info.hearthsim.brazier.SecretTest" time="0.001"/>
  <testcase name="testKezanDestroysSecret" classname="info.hearthsim.brazier.SecretTest" time="0.001"/>
  <system-out><![CDATA[]]></system-out>
  <system-err><![CDATA[]]></system-err>
</testsuite>
