<?xml version="1.0" encoding="UTF-8"?>
<testsuite name="info.hearthsim.brazier.SummonEventTest" tests="3" skipped="0" failures="0" errors="0" timestamp="2016-03-15T06:01:02" hostname="mrdai-Laptop" time="0.008">
  <properties/>
  <testcase name="testWarsongCommander" classname="info.hearthsim.brazier.SummonEventTest" time="0.002"/>
  <testcase name="testAlarmOBot" classname="info.hearthsim.brazier.SummonEventTest" time="0.005"/>
  <testcase name="testAlarmOBotWithNoMinions" classname="info.hearthsim.brazier.SummonEventTest" time="0.001"/>
  <system-out><![CDATA[]]></system-out>
  <system-err><![CDATA[]]></system-err>
</testsuite>
