<?xml version="1.0" encoding="UTF-8"?>
<testsuite name="info.hearthsim.brazier.TargetNeedsTest" tests="1" skipped="0" failures="0" errors="0" timestamp="2016-03-15T06:01:02" hostname="mrdai-Laptop" time="0.002">
  <properties/>
  <testcase name="testExecute" classname="info.hearthsim.brazier.TargetNeedsTest" time="0.002"/>
  <system-out><![CDATA[]]></system-out>
  <system-err><![CDATA[]]></system-err>
</testsuite>
